<?xml version="1.0" encoding="UTF-8"?>
<!-- Generated by org.testng.reporters.JUnitReportReporter -->
<testsuite hostname="DESKTOP-83G703B" failures="0" tests="1" name="amazon1.TestNgAmazon" time="41.669" errors="0" timestamp="2022-03-31T14:18:08 EDT" skipped="0">
  <testcase classname="amazon1.TestNgAmazon" name="loginamazon" time="41.669"/>
  <system-out/>
</testsuite> <!-- amazon1.TestNgAmazon -->
